<?xml version="1.0" encoding="UTF-8"?>
<!-- Generated by org.testng.reporters.JUnitXMLReporter -->
<testsuite ignored="0" hostname="DESKTOP-RULROEU" failures="0" tests="4" name="iOS Safari Test" time="46.854" errors="0" timestamp="2025-07-28T00:03:32 IST">
  <testcase classname="testcases.VerifySpanishLanguage" name="verifyPageIsInSpanish" time="12.864"/>
  <testcase classname="testcases.ElPaisScraperTest" name="scrapeOpinionArticles" time="0.0">
    <skipped/>
  </testcase> <!-- scrapeOpinionArticles -->
  <testcase classname="testcases.ElPaisHeaderTranslator" name="translateArticleHeaders" time="0.0">
    <skipped/>
  </testcase> <!-- translateArticleHeaders -->
  <testcase classname="testcases.ElPaisHeaderAnalyzerOccurence" name="analyzeTranslatedHeaders" time="0.0">
    <skipped/>
  </testcase> <!-- analyzeTranslatedHeaders -->
</testsuite> <!-- iOS Safari Test -->
